<?xml version="1.0" encoding="UTF-8"?>
<testsuite xmlns:xsi="http://www.w3.org/2001/XMLSchema-instance" xsi:noNamespaceSchemaLocation="https://maven.apache.org/surefire/maven-surefire-plugin/xsd/surefire-test-report.xsd" name="Test" time="0.2" tests="2" errors="2" skipped="0" failures="0">
  <properties>
[...]
</properties>
  <testcase name="test01" classname="Test" time="0.17">
    <error message="&#10;### Error building SqlSession.&#10;### The error may exist in study/ch/Dao/TeacherMapper.java (best guess)&#10;### Cause: org.apache.ibatis.builder.BuilderException: Error parsing SQL Mapper Configuration. Cause: org.apache.ibatis.builder.BuilderException: Error creating document instance.  Cause: org.xml.sax.SAXParseException; lineNumber: 2; columnNumber: 6; 不允许有匹配 &quot;[xX][mM][lL]&quot; 的处理指令目标。" type="org.apache.ibatis.exceptions.PersistenceException">org.apache.ibatis.exceptions.PersistenceException: 

### Error building SqlSession.
### The error may exist in study/ch/Dao/TeacherMapper.java (best guess)
### Cause: org.apache.ibatis.builder.BuilderException: Error parsing SQL Mapper Configuration. Cause: org.apache.ibatis.builder.BuilderException: Error creating document instance.  Cause: org.xml.sax.SAXParseException; lineNumber: 2; columnNumber: 6; 不允许有匹配 "[xX][mM][lL]" 的处理指令目标。
	at Test.initSqlSessionFactory(Test.java:31)
Caused by: org.apache.ibatis.builder.BuilderException: Error parsing SQL Mapper Configuration. Cause: org.apache.ibatis.builder.BuilderException: Error creating document instance.  Cause: org.xml.sax.SAXParseException; lineNumber: 2; columnNumber: 6; 不允许有匹配 "[xX][mM][lL]" 的处理指令目标。
	at Test.initSqlSessionFactory(Test.java:31)
Caused by: org.apache.ibatis.builder.BuilderException: Error creating document instance.  Cause: org.xml.sax.SAXParseException; lineNumber: 2; columnNumber: 6; 不允许有匹配 "[xX][mM][lL]" 的处理指令目标。
	at Test.initSqlSessionFactory(Test.java:31)
Caused by: org.xml.sax.SAXParseException: 不允许有匹配 "[xX][mM][lL]" 的处理指令目标。
	at Test.initSqlSessionFactory(Test.java:31)
</error>
    <system-out><![CDATA[log4j: reset attribute= "false".
log4j: Threshold ="null".
log4j: Retreiving an instance of org.apache.log4j.Logger.
log4j: Setting [java.sql] additivity to [true].
log4j: Level value for java.sql is  [debug].
log4j: java.sql level set to DEBUG
log4j: Retreiving an instance of org.apache.log4j.Logger.
log4j: Setting [org.apache.ibatis] additivity to [true].
log4j: Level value for org.apache.ibatis is  [info].
log4j: org.apache.ibatis level set to INFO
log4j: Level value for root is  [debug].
log4j: root level set to DEBUG
log4j: Class name: [org.apache.log4j.ConsoleAppender]
log4j: Setting property [encoding] to [UTF-8].
log4j: Parsing layout of class: "org.apache.log4j.PatternLayout"
log4j: Setting property [conversionPattern] to [%-5p %d{MM-dd HH:mm:ss,SSS} %m  (%F:%L) 
].
log4j: Adding appender named [STDOUT] to category [root].
]]></system-out>
  </testcase>
  <testcase name="test02" classname="Test" time="0.01">
    <error message="&#10;### Error building SqlSession.&#10;### The error may exist in study/ch/Dao/TeacherMapper.java (best guess)&#10;### Cause: org.apache.ibatis.builder.BuilderException: Error parsing SQL Mapper Configuration. Cause: org.apache.ibatis.builder.BuilderException: Error creating document instance.  Cause: org.xml.sax.SAXParseException; lineNumber: 2; columnNumber: 6; 不允许有匹配 &quot;[xX][mM][lL]&quot; 的处理指令目标。" type="org.apache.ibatis.exceptions.PersistenceException">org.apache.ibatis.exceptions.PersistenceException: 

### Error building SqlSession.
### The error may exist in study/ch/Dao/TeacherMapper.java (best guess)
### Cause: org.apache.ibatis.builder.BuilderException: Error parsing SQL Mapper Configuration. Cause: org.apache.ibatis.builder.BuilderException: Error creating document instance.  Cause: org.xml.sax.SAXParseException; lineNumber: 2; columnNumber: 6; 不允许有匹配 "[xX][mM][lL]" 的处理指令目标。
	at Test.initSqlSessionFactory(Test.java:31)
Caused by: org.apache.ibatis.builder.BuilderException: Error parsing SQL Mapper Configuration. Cause: org.apache.ibatis.builder.BuilderException: Error creating document instance.  Cause: org.xml.sax.SAXParseException; lineNumber: 2; columnNumber: 6; 不允许有匹配 "[xX][mM][lL]" 的处理指令目标。
	at Test.initSqlSessionFactory(Test.java:31)
Caused by: org.apache.ibatis.builder.BuilderException: Error creating document instance.  Cause: org.xml.sax.SAXParseException; lineNumber: 2; columnNumber: 6; 不允许有匹配 "[xX][mM][lL]" 的处理指令目标。
	at Test.initSqlSessionFactory(Test.java:31)
Caused by: org.xml.sax.SAXParseException: 不允许有匹配 "[xX][mM][lL]" 的处理指令目标。
	at Test.initSqlSessionFactory(Test.java:31)
</error>
  </testcase>
</testsuite>